<?xml version="1.0" encoding="UTF-8"?>
<coverage generated="1716272257707" clover="3.2.0">
  <project timestamp="1716272257707" name="All files">
    <metrics statements="24" coveredstatements="23" conditionals="18" coveredconditionals="17" methods="6" coveredmethods="6" elements="48" coveredelements="46" complexity="0" loc="24" ncloc="24" packages="5" files="5" classes="5"/>
    <package name="01-sum">
      <metrics statements="4" coveredstatements="3" conditionals="4" coveredconditionals="3" methods="1" coveredmethods="1"/>
      <file name="sum.js" path="C:\Users\Soporte\OneDrive - districom de colombia S.A.S\Escritorio\personal\CIAF\5 SEMESTRE\CALIDAD DESARROLLO DE SOFTWARE\testing\src\01-sum\sum.js">
        <metrics statements="4" coveredstatements="3" conditionals="4" coveredconditionals="3" methods="1" coveredmethods="1"/>
        <line num="2" count="1" type="cond" truecount="3" falsecount="1"/>
        <line num="3" count="0" type="stmt"/>
        <line num="5" count="1" type="stmt"/>
        <line num="8" count="1" type="stmt"/>
      </file>
    </package>
    <package name="02-sub">
      <metrics statements="6" coveredstatements="6" conditionals="6" coveredconditionals="6" methods="1" coveredmethods="1"/>
      <file name="sub.js" path="C:\Users\Soporte\OneDrive - districom de colombia S.A.S\Escritorio\personal\CIAF\5 SEMESTRE\CALIDAD DESARROLLO DE SOFTWARE\testing\src\02-sub\sub.js">
        <metrics statements="6" coveredstatements="6" conditionals="6" coveredconditionals="6" methods="1" coveredmethods="1"/>
        <line num="1" count="1" type="stmt"/>
        <line num="2" count="3" type="cond" truecount="4" falsecount="0"/>
        <line num="3" count="1" type="stmt"/>
        <line num="5" count="2" type="stmt"/>
        <line num="6" count="2" type="cond" truecount="2" falsecount="0"/>
        <line num="9" count="1" type="stmt"/>
      </file>
    </package>
    <package name="03-factorial">
      <metrics statements="7" coveredstatements="7" conditionals="4" coveredconditionals="4" methods="1" coveredmethods="1"/>
      <file name="Factorial.js" path="C:\Users\Soporte\OneDrive - districom de colombia S.A.S\Escritorio\personal\CIAF\5 SEMESTRE\CALIDAD DESARROLLO DE SOFTWARE\testing\src\03-factorial\Factorial.js">
        <metrics statements="7" coveredstatements="7" conditionals="4" coveredconditionals="4" methods="1" coveredmethods="1"/>
        <line num="2" count="3" type="cond" truecount="2" falsecount="0"/>
        <line num="3" count="2" type="cond" truecount="2" falsecount="0"/>
        <line num="4" count="1" type="stmt"/>
        <line num="5" count="1" type="stmt"/>
        <line num="6" count="5" type="stmt"/>
        <line num="8" count="1" type="stmt"/>
        <line num="11" count="1" type="stmt"/>
      </file>
    </package>
    <package name="04-esPrimo">
      <metrics statements="5" coveredstatements="5" conditionals="4" coveredconditionals="4" methods="1" coveredmethods="1"/>
      <file name="esPrimo.js" path="C:\Users\Soporte\OneDrive - districom de colombia S.A.S\Escritorio\personal\CIAF\5 SEMESTRE\CALIDAD DESARROLLO DE SOFTWARE\testing\src\04-esPrimo\esPrimo.js">
        <metrics statements="5" coveredstatements="5" conditionals="4" coveredconditionals="4" methods="1" coveredmethods="1"/>
        <line num="2" count="3" type="cond" truecount="2" falsecount="0"/>
        <line num="3" count="2" type="stmt"/>
        <line num="4" count="6" type="cond" truecount="2" falsecount="0"/>
        <line num="6" count="1" type="stmt"/>
        <line num="9" count="1" type="stmt"/>
      </file>
    </package>
    <package name="05-capitalizar">
      <metrics statements="2" coveredstatements="2" conditionals="0" coveredconditionals="0" methods="2" coveredmethods="2"/>
      <file name="capitalizar.js" path="C:\Users\Soporte\OneDrive - districom de colombia S.A.S\Escritorio\personal\CIAF\5 SEMESTRE\CALIDAD DESARROLLO DE SOFTWARE\testing\src\05-capitalizar\capitalizar.js">
        <metrics statements="2" coveredstatements="2" conditionals="0" coveredconditionals="0" methods="2" coveredmethods="2"/>
        <line num="2" count="9" type="stmt"/>
        <line num="5" count="1" type="stmt"/>
      </file>
    </package>
  </project>
</coverage>
