<?xml version="1.0" encoding="UTF-8"?>
<coverage generated="1716184955655" clover="3.2.0">
  <project timestamp="1716184955655" name="All files">
    <metrics statements="6" coveredstatements="6" conditionals="6" coveredconditionals="5" methods="1" coveredmethods="1" elements="13" coveredelements="12" complexity="0" loc="6" ncloc="6" packages="1" files="1" classes="1"/>
    <file name="sub.js" path="C:\Users\Soporte\OneDrive - districom de colombia S.A.S\Escritorio\personal\CIAF\5 SEMESTRE\CALIDAD DESARROLLO DE SOFTWARE\testing\src\02-sub\sub.js">
      <metrics statements="6" coveredstatements="6" conditionals="6" coveredconditionals="5" methods="1" coveredmethods="1"/>
      <line num="1" count="1" type="stmt"/>
      <line num="2" count="2" type="cond" truecount="4" falsecount="0"/>
      <line num="3" count="1" type="stmt"/>
      <line num="5" count="1" type="stmt"/>
      <line num="6" count="1" type="cond" truecount="1" falsecount="1"/>
      <line num="9" count="1" type="stmt"/>
    </file>
  </project>
</coverage>
