{"C:\\Users\\Soporte\\OneDrive - districom de colombia S.A.S\\Escritorio\\personal\\CIAF\\5 SEMESTRE\\CALIDAD DESARROLLO DE SOFTWARE\\testing\\src\\01-sum\\sum.js": {"path":"C:\\Users\\Soporte\\OneDrive - districom de colombia S.A.S\\Escritorio\\personal\\CIAF\\5 SEMESTRE\\CALIDAD DESARROLLO DE SOFTWARE\\testing\\src\\01-sum\\sum.js","statementMap":{"0":{"start":{"line":2,"column":2},"end":{"line":4,"column":3}},"1":{"start":{"line":3,"column":4},"end":{"line":3,"column":43}},"2":{"start":{"line":5,"column":2},"end":{"line":5,"column":21}},"3":{"start":{"line":8,"column":0},"end":{"line":8,"column":21}}},"fnMap":{"0":{"name":"sum","decl":{"start":{"line":1,"column":9},"end":{"line":1,"column":12}},"loc":{"start":{"line":1,"column":25},"end":{"line":6,"column":1}},"line":1}},"branchMap":{"0":{"loc":{"start":{"line":2,"column":2},"end":{"line":4,"column":3}},"type":"if","locations":[{"start":{"line":2,"column":2},"end":{"line":4,"column":3}},{"start":{},"end":{}}],"line":2},"1":{"loc":{"start":{"line":2,"column":6},"end":{"line":2,"column":46}},"type":"binary-expr","locations":[{"start":{"line":2,"column":6},"end":{"line":2,"column":24}},{"start":{"line":2,"column":28},"end":{"line":2,"column":46}}],"line":2}},"s":{"0":1,"1":0,"2":1,"3":1},"f":{"0":1},"b":{"0":[0,1],"1":[1,1]},"_coverageSchema":"1a1c01bbd47fc00a2c39e90264f33305004495a9","hash":"9a49ac747fd25111a98329137a6e351658e2e24f"}
,"C:\\Users\\Soporte\\OneDrive - districom de colombia S.A.S\\Escritorio\\personal\\CIAF\\5 SEMESTRE\\CALIDAD DESARROLLO DE SOFTWARE\\testing\\src\\02-sub\\sub.js": {"path":"C:\\Users\\Soporte\\OneDrive - districom de colombia S.A.S\\Escritorio\\personal\\CIAF\\5 SEMESTRE\\CALIDAD DESARROLLO DE SOFTWARE\\testing\\src\\02-sub\\sub.js","statementMap":{"0":{"start":{"line":1,"column":12},"end":{"line":7,"column":1}},"1":{"start":{"line":2,"column":2},"end":{"line":4,"column":3}},"2":{"start":{"line":3,"column":4},"end":{"line":3,"column":54}},"3":{"start":{"line":5,"column":17},"end":{"line":5,"column":38}},"4":{"start":{"line":6,"column":2},"end":{"line":6,"column":67}},"5":{"start":{"line":9,"column":0},"end":{"line":9,"column":21}}},"fnMap":{"0":{"name":"(anonymous_0)","decl":{"start":{"line":1,"column":12},"end":{"line":1,"column":13}},"loc":{"start":{"line":1,"column":28},"end":{"line":7,"column":1}},"line":1}},"branchMap":{"0":{"loc":{"start":{"line":2,"column":2},"end":{"line":4,"column":3}},"type":"if","locations":[{"start":{"line":2,"column":2},"end":{"line":4,"column":3}},{"start":{},"end":{}}],"line":2},"1":{"loc":{"start":{"line":2,"column":6},"end":{"line":2,"column":58}},"type":"binary-expr","locations":[{"start":{"line":2,"column":6},"end":{"line":2,"column":30}},{"start":{"line":2,"column":34},"end":{"line":2,"column":58}}],"line":2},"2":{"loc":{"start":{"line":6,"column":9},"end":{"line":6,"column":66}},"type":"cond-expr","locations":[{"start":{"line":6,"column":25},"end":{"line":6,"column":57}},{"start":{"line":6,"column":60},"end":{"line":6,"column":66}}],"line":6}},"s":{"0":1,"1":3,"2":1,"3":2,"4":2,"5":1},"f":{"0":3},"b":{"0":[1,2],"1":[3,2],"2":[1,1]},"_coverageSchema":"1a1c01bbd47fc00a2c39e90264f33305004495a9","hash":"e9919577bcc3dc2ad226d2acdf2e58644055e015"}
,"C:\\Users\\Soporte\\OneDrive - districom de colombia S.A.S\\Escritorio\\personal\\CIAF\\5 SEMESTRE\\CALIDAD DESARROLLO DE SOFTWARE\\testing\\src\\03-factorial\\Factorial.js": {"path":"C:\\Users\\Soporte\\OneDrive - districom de colombia S.A.S\\Escritorio\\personal\\CIAF\\5 SEMESTRE\\CALIDAD DESARROLLO DE SOFTWARE\\testing\\src\\03-factorial\\Factorial.js","statementMap":{"0":{"start":{"line":2,"column":4},"end":{"line":2,"column":26}},"1":{"start":{"line":2,"column":15},"end":{"line":2,"column":26}},"2":{"start":{"line":3,"column":4},"end":{"line":3,"column":26}},"3":{"start":{"line":3,"column":17},"end":{"line":3,"column":26}},"4":{"start":{"line":4,"column":17},"end":{"line":4,"column":18}},"5":{"start":{"line":5,"column":4},"end":{"line":7,"column":5}},"6":{"start":{"line":5,"column":17},"end":{"line":5,"column":18}},"7":{"start":{"line":6,"column":6},"end":{"line":6,"column":18}},"8":{"start":{"line":8,"column":4},"end":{"line":8,"column":18}},"9":{"start":{"line":11,"column":2},"end":{"line":11,"column":29}}},"fnMap":{"0":{"name":"factorial","decl":{"start":{"line":1,"column":9},"end":{"line":1,"column":18}},"loc":{"start":{"line":1,"column":22},"end":{"line":9,"column":3}},"line":1}},"branchMap":{"0":{"loc":{"start":{"line":2,"column":4},"end":{"line":2,"column":26}},"type":"if","locations":[{"start":{"line":2,"column":4},"end":{"line":2,"column":26}},{"start":{},"end":{}}],"line":2},"1":{"loc":{"start":{"line":3,"column":4},"end":{"line":3,"column":26}},"type":"if","locations":[{"start":{"line":3,"column":4},"end":{"line":3,"column":26}},{"start":{},"end":{}}],"line":3}},"s":{"0":3,"1":1,"2":2,"3":1,"4":1,"5":1,"6":1,"7":5,"8":1,"9":1},"f":{"0":3},"b":{"0":[1,2],"1":[1,1]},"_coverageSchema":"1a1c01bbd47fc00a2c39e90264f33305004495a9","hash":"2a2cfddafbab44c488c840ab993d622a626bdf0f"}
,"C:\\Users\\Soporte\\OneDrive - districom de colombia S.A.S\\Escritorio\\personal\\CIAF\\5 SEMESTRE\\CALIDAD DESARROLLO DE SOFTWARE\\testing\\src\\04-esPrimo\\esPrimo.js": {"path":"C:\\Users\\Soporte\\OneDrive - districom de colombia S.A.S\\Escritorio\\personal\\CIAF\\5 SEMESTRE\\CALIDAD DESARROLLO DE SOFTWARE\\testing\\src\\04-esPrimo\\esPrimo.js","statementMap":{"0":{"start":{"line":2,"column":4},"end":{"line":2,"column":29}},"1":{"start":{"line":2,"column":16},"end":{"line":2,"column":29}},"2":{"start":{"line":3,"column":4},"end":{"line":5,"column":5}},"3":{"start":{"line":3,"column":17},"end":{"line":3,"column":18}},"4":{"start":{"line":4,"column":6},"end":{"line":4,"column":36}},"5":{"start":{"line":4,"column":23},"end":{"line":4,"column":36}},"6":{"start":{"line":6,"column":4},"end":{"line":6,"column":16}},"7":{"start":{"line":9,"column":2},"end":{"line":9,"column":27}}},"fnMap":{"0":{"name":"esPrimo","decl":{"start":{"line":1,"column":9},"end":{"line":1,"column":16}},"loc":{"start":{"line":1,"column":20},"end":{"line":7,"column":3}},"line":1}},"branchMap":{"0":{"loc":{"start":{"line":2,"column":4},"end":{"line":2,"column":29}},"type":"if","locations":[{"start":{"line":2,"column":4},"end":{"line":2,"column":29}},{"start":{},"end":{}}],"line":2},"1":{"loc":{"start":{"line":4,"column":6},"end":{"line":4,"column":36}},"type":"if","locations":[{"start":{"line":4,"column":6},"end":{"line":4,"column":36}},{"start":{},"end":{}}],"line":4}},"s":{"0":3,"1":1,"2":2,"3":2,"4":6,"5":1,"6":1,"7":1},"f":{"0":3},"b":{"0":[1,2],"1":[1,5]},"_coverageSchema":"1a1c01bbd47fc00a2c39e90264f33305004495a9","hash":"fca3efe987b2d6f1e980228c685a728afd8a1ad9"}
,"C:\\Users\\Soporte\\OneDrive - districom de colombia S.A.S\\Escritorio\\personal\\CIAF\\5 SEMESTRE\\CALIDAD DESARROLLO DE SOFTWARE\\testing\\src\\05-capitalizar\\capitalizar.js": {"path":"C:\\Users\\Soporte\\OneDrive - districom de colombia S.A.S\\Escritorio\\personal\\CIAF\\5 SEMESTRE\\CALIDAD DESARROLLO DE SOFTWARE\\testing\\src\\05-capitalizar\\capitalizar.js","statementMap":{"0":{"start":{"line":2,"column":4},"end":{"line":2,"column":105}},"1":{"start":{"line":2,"column":43},"end":{"line":2,"column":93}},"2":{"start":{"line":5,"column":2},"end":{"line":5,"column":31}}},"fnMap":{"0":{"name":"capitalizar","decl":{"start":{"line":1,"column":9},"end":{"line":1,"column":20}},"loc":{"start":{"line":1,"column":28},"end":{"line":3,"column":3}},"line":1},"1":{"name":"(anonymous_1)","decl":{"start":{"line":2,"column":32},"end":{"line":2,"column":33}},"loc":{"start":{"line":2,"column":43},"end":{"line":2,"column":93}},"line":2}},"branchMap":{},"s":{"0":3,"1":9,"2":1},"f":{"0":3,"1":9},"b":{},"_coverageSchema":"1a1c01bbd47fc00a2c39e90264f33305004495a9","hash":"c619977a465a9a0519bf378d8b82e69c6e7d98e8"}
}
