{"C:\\Users\\Soporte\\OneDrive - districom de colombia S.A.S\\Escritorio\\personal\\CIAF\\5 SEMESTRE\\CALIDAD DESARROLLO DE SOFTWARE\\testing\\src\\02-sub\\sub.js": {"path":"C:\\Users\\Soporte\\OneDrive - districom de colombia S.A.S\\Escritorio\\personal\\CIAF\\5 SEMESTRE\\CALIDAD DESARROLLO DE SOFTWARE\\testing\\src\\02-sub\\sub.js","statementMap":{"0":{"start":{"line":1,"column":12},"end":{"line":7,"column":1}},"1":{"start":{"line":2,"column":2},"end":{"line":4,"column":3}},"2":{"start":{"line":3,"column":4},"end":{"line":3,"column":54}},"3":{"start":{"line":5,"column":17},"end":{"line":5,"column":38}},"4":{"start":{"line":6,"column":2},"end":{"line":6,"column":67}},"5":{"start":{"line":9,"column":0},"end":{"line":9,"column":21}}},"fnMap":{"0":{"name":"(anonymous_0)","decl":{"start":{"line":1,"column":12},"end":{"line":1,"column":13}},"loc":{"start":{"line":1,"column":28},"end":{"line":7,"column":1}},"line":1}},"branchMap":{"0":{"loc":{"start":{"line":2,"column":2},"end":{"line":4,"column":3}},"type":"if","locations":[{"start":{"line":2,"column":2},"end":{"line":4,"column":3}},{"start":{},"end":{}}],"line":2},"1":{"loc":{"start":{"line":2,"column":6},"end":{"line":2,"column":58}},"type":"binary-expr","locations":[{"start":{"line":2,"column":6},"end":{"line":2,"column":30}},{"start":{"line":2,"column":34},"end":{"line":2,"column":58}}],"line":2},"2":{"loc":{"start":{"line":6,"column":9},"end":{"line":6,"column":66}},"type":"cond-expr","locations":[{"start":{"line":6,"column":25},"end":{"line":6,"column":57}},{"start":{"line":6,"column":60},"end":{"line":6,"column":66}}],"line":6}},"s":{"0":1,"1":2,"2":1,"3":1,"4":1,"5":1},"f":{"0":2},"b":{"0":[1,1],"1":[2,1],"2":[1,0]},"_coverageSchema":"1a1c01bbd47fc00a2c39e90264f33305004495a9","hash":"e9919577bcc3dc2ad226d2acdf2e58644055e015"}
}
