TN:
SF:src\01-sum\sum.js
FN:1,sum
FNF:1
FNH:1
FNDA:1,sum
DA:2,1
DA:3,0
DA:5,1
DA:8,1
LF:4
LH:3
BRDA:2,0,0,0
BRDA:2,0,1,1
BRDA:2,1,0,1
BRDA:2,1,1,1
BRF:4
BRH:3
end_of_record
TN:
SF:src\02-sub\sub.js
FN:1,(anonymous_0)
FNF:1
FNH:1
FNDA:3,(anonymous_0)
DA:1,1
DA:2,3
DA:3,1
DA:5,2
DA:6,2
DA:9,1
LF:6
LH:6
BRDA:2,0,0,1
BRDA:2,0,1,2
BRDA:2,1,0,3
BRDA:2,1,1,2
BRDA:6,2,0,1
BRDA:6,2,1,1
BRF:6
BRH:6
end_of_record
TN:
SF:src\03-factorial\Factorial.js
FN:1,factorial
FNF:1
FNH:1
FNDA:3,factorial
DA:2,3
DA:3,2
DA:4,1
DA:5,1
DA:6,5
DA:8,1
DA:11,1
LF:7
LH:7
BRDA:2,0,0,1
BRDA:2,0,1,2
BRDA:3,1,0,1
BRDA:3,1,1,1
BRF:4
BRH:4
end_of_record
TN:
SF:src\04-esPrimo\esPrimo.js
FN:1,esPrimo
FNF:1
FNH:1
FNDA:3,esPrimo
DA:2,3
DA:3,2
DA:4,6
DA:6,1
DA:9,1
LF:5
LH:5
BRDA:2,0,0,1
BRDA:2,0,1,2
BRDA:4,1,0,1
BRDA:4,1,1,5
BRF:4
BRH:4
end_of_record
TN:
SF:src\05-capitalizar\capitalizar.js
FN:1,capitalizar
FN:2,(anonymous_1)
FNF:2
FNH:2
FNDA:3,capitalizar
FNDA:9,(anonymous_1)
DA:2,9
DA:5,1
LF:2
LH:2
BRF:0
BRH:0
end_of_record
